<?xml version="1.0" encoding="UTF-8"?>
<testng-results ignored="0" total="1" passed="1" failed="0" skipped="0">
  <reporter-output>
  </reporter-output>
  <suite started-at="2023-10-12T11:56:29 IST" name="MasterTestSuite" finished-at="2023-10-12T11:57:23 IST" duration-ms="53082">
    <groups>
    </groups>
    <test started-at="2023-10-12T11:56:29 IST" name="MasterTestSuite" finished-at="2023-10-12T11:57:23 IST" duration-ms="53082">
      <class name="com.LoginTest.VerifyLogin_Nil">
        <test-method is-config="true" signature="ObjectInit()[pri:0, instance:com.LoginTest.VerifyLogin_Nil@4116aac9]" started-at="2023-10-12T11:56:29 IST" name="ObjectInit" finished-at="2023-10-12T11:56:29 IST" duration-ms="737" status="PASS">
          <reporter-output>
          </reporter-output>
        </test-method> <!-- ObjectInit -->
        <test-method is-config="true" signature="setUp()[pri:0, instance:com.LoginTest.VerifyLogin_Nil@4116aac9]" started-at="2023-10-12T11:56:29 IST" name="setUp" finished-at="2023-10-12T11:57:19 IST" duration-ms="49540" status="PASS">
          <reporter-output>
          </reporter-output>
        </test-method> <!-- setUp -->
        <test-method signature="TC_LoginTest_001_For_Guru99()[pri:0, instance:com.LoginTest.VerifyLogin_Nil@4116aac9]" started-at="2023-10-12T11:57:19 IST" name="TC_LoginTest_001_For_Guru99" finished-at="2023-10-12T11:57:22 IST" duration-ms="3175" status="PASS">
          <reporter-output>
          </reporter-output>
        </test-method> <!-- TC_LoginTest_001_For_Guru99 -->
        <test-method is-config="true" signature="tearDown()[pri:0, instance:com.LoginTest.VerifyLogin_Nil@4116aac9]" started-at="2023-10-12T11:57:22 IST" name="tearDown" finished-at="2023-10-12T11:57:23 IST" duration-ms="321" status="PASS">
          <reporter-output>
          </reporter-output>
        </test-method> <!-- tearDown -->
      </class> <!-- com.LoginTest.VerifyLogin_Nil -->
    </test> <!-- MasterTestSuite -->
  </suite> <!-- MasterTestSuite -->
</testng-results>
