<?xml version="1.0" encoding="UTF-8"?>
<testng-results ignored="0" total="1" passed="1" failed="0" skipped="0">
  <reporter-output>
  </reporter-output>
  <suite started-at="2023-10-14T15:22:14 IST" name="masterw3Suite" finished-at="2023-10-14T15:22:37 IST" duration-ms="23114">
    <groups>
    </groups>
    <test started-at="2023-10-14T15:22:14 IST" name="masterw3Test" finished-at="2023-10-14T15:22:37 IST" duration-ms="23114">
      <class name="com.LoginTest.Verifyloginwithvalidcrediencialswati">
        <test-method is-config="true" signature="ObjectInit()[pri:0, instance:com.LoginTest.Verifyloginwithvalidcrediencialswati@4116aac9]" started-at="2023-10-14T15:22:12 IST" name="ObjectInit" finished-at="2023-10-14T15:22:14 IST" duration-ms="1896" status="PASS">
          <reporter-output>
          </reporter-output>
        </test-method> <!-- ObjectInit -->
        <test-method is-config="true" signature="setUp()[pri:0, instance:com.LoginTest.Verifyloginwithvalidcrediencialswati@4116aac9]" started-at="2023-10-14T15:22:14 IST" name="setUp" finished-at="2023-10-14T15:22:35 IST" duration-ms="21392" status="PASS">
          <reporter-output>
          </reporter-output>
        </test-method> <!-- setUp -->
        <test-method signature="TC_LoginTest_1_VerifyLoginTestWithValidCrdentials()[pri:0, instance:com.LoginTest.Verifyloginwithvalidcrediencialswati@4116aac9]" started-at="2023-10-14T15:22:35 IST" name="TC_LoginTest_1_VerifyLoginTestWithValidCrdentials" finished-at="2023-10-14T15:22:37 IST" duration-ms="1140" status="PASS">
          <reporter-output>
          </reporter-output>
        </test-method> <!-- TC_LoginTest_1_VerifyLoginTestWithValidCrdentials -->
        <test-method is-config="true" signature="tearDown()[pri:0, instance:com.LoginTest.Verifyloginwithvalidcrediencialswati@4116aac9]" started-at="2023-10-14T15:22:37 IST" name="tearDown" finished-at="2023-10-14T15:22:37 IST" duration-ms="488" status="PASS">
          <reporter-output>
          </reporter-output>
        </test-method> <!-- tearDown -->
      </class> <!-- com.LoginTest.Verifyloginwithvalidcrediencialswati -->
    </test> <!-- masterw3Test -->
  </suite> <!-- masterw3Suite -->
</testng-results>
