<?xml version="1.0" encoding="UTF-8"?>
<!-- Generated by org.testng.reporters.JUnitXMLReporter -->
<testsuite ignored="1" hostname="LAPTOP-MQCA9BNV" failures="1" tests="2" name="MasterTest" time="11.58" errors="0" timestamp="2023-10-12T10:05:58 IST">
  <testcase classname="com.LoginTest.VerifyLoginTestWithValidCredentials" name="TC_LoginTest_1_VerifyLoginTestWithValidCrdentials" time="2.06">
    <failure type="java.lang.AssertionError" message="expected [FaceBook Homepage] but found [Log in to Facebook]">
      <![CDATA[java.lang.AssertionError: expected [FaceBook Homepage] but found [Log in to Facebook]
at com.LoginTest.VerifyLoginTestWithValidCredentials.TC_LoginTest_1_VerifyLoginTestWithValidCrdentials(VerifyLoginTestWithValidCredentials.java:39)
at java.base/java.util.ArrayList.forEach(ArrayList.java:1511)
... Removed 33 stack frames]]>
    </failure>
  </testcase> <!-- TC_LoginTest_1_VerifyLoginTestWithValidCrdentials -->
  <testcase classname="com.LoginTest.VerifyLogin_Avanti" name="verifyLogin" time="0.483"/>
  <testcase classname="com.Utility.BaseClass" name="@BeforeSuite ObjectInit" time="0.0">
    <ignored/>
  </testcase> <!-- @BeforeSuite ObjectInit -->
</testsuite> <!-- MasterTest -->
