<?xml version="1.0" encoding="UTF-8"?>
<!-- Generated by org.testng.reporters.JUnitXMLReporter -->
<testsuite ignored="0" hostname="DESKTOP-QVM6J4J" failures="1" tests="1" name="MasterTest" time="5.92" errors="0" timestamp="2023-10-11T08:52:04 IST">
  <testcase classname="com.LoginTest.VerifyLoginTestWithValidCredentials" name="TC_LoginTest_1_VerifyLoginTestWithValidCrdentials" time="1.011">
    <failure type="java.lang.AssertionError" message="expected [FaceBook Homepage] but found [Log in to Facebook]">
      <![CDATA[java.lang.AssertionError: expected [FaceBook Homepage] but found [Log in to Facebook]
at com.LoginTest.VerifyLoginTestWithValidCredentials.TC_LoginTest_1_VerifyLoginTestWithValidCrdentials(VerifyLoginTestWithValidCredentials.java:27)
at java.base/java.util.ArrayList.forEach(ArrayList.java:1540)
... Removed 33 stack frames]]>
    </failure>
  </testcase> <!-- TC_LoginTest_1_VerifyLoginTestWithValidCrdentials -->
</testsuite> <!-- MasterTest -->
